\o Program:		@(#)$CDS: libManager version 6.1.5 - CAT32 09/07/2012 23:24 (cat91amd) $
\o Sub version:		sub-version  s010 
\o Arguments:		-unmapped -mpssession virtuoso3592 -mpshost vlsi75 
\o Working Directory:	vlsi75:/home/roopa_t/cds_IC6
\o Qt version: 		4.5.3
\o changeWorkingDir("/home/roopa_t/cds_IC6") unnecessary.
\o ddSetForcedLib("") unnecessary.
\o Log file is "/home/roopa_t/cds_IC6/libManager.log".
\o Opening libManager window.
\a nrSetWindowVisibility(cdsLibManager "show")
\o MPS service: map window
\a nrSetCurrentWindow(cdsLibManager)
\o Library Manager customization server connected.
\w Warning: '/home/roopa_t/cds_IC6/cds.lib', Line 4, Repeat of INCLUDE of '/cad_area/Cadence/ic614/share/cdssetup/cds.lib'.
\w Warning: '/cad_area/Cadence/ic614/share/cdssetup/cds.lib', Line 1, Repeat of INCLUDE of '/cad_area/Cadence/ic614/share/cdssetup/dfII/cds.lib'.
\w Warning: LIB cdsDefTechLib from File /cad_area/Cadence/ic614/share/cdssetup/dfII/cds.lib Line 1 redefines
\w LIB cdsDefTechLib from the same file (defined earlier.)
\w Warning: '/cad_area/Cadence/ic614/share/cdssetup/dfII/cds.lib', Line 2, Repeat of INCLUDE of '/cad_area/Cadence/ic614/tools.lnx86/dfII/etc/cdsDotLibs/artist/cds.lib'.
\w Warning: LIB analogLib from File /cad_area/Cadence/ic614/tools.lnx86/dfII/etc/cdsDotLibs/artist/cds.lib Line 1 redefines
\w LIB analogLib from the same file (defined earlier.)
\w Warning: LIB functional from File /cad_area/Cadence/ic614/tools.lnx86/dfII/etc/cdsDotLibs/artist/cds.lib Line 2 redefines
\w LIB functional from the same file (defined earlier.)
\w Warning: '/cad_area/Cadence/ic614/share/cdssetup/dfII/cds.lib', Line 3, Repeat of INCLUDE of '/cad_area/Cadence/ic614/tools.lnx86/dfII/etc/cdsDotLibs/spectre/cds.lib'.
\w Warning: LIB rfLib from File /cad_area/Cadence/ic614/tools.lnx86/dfII/etc/cdsDotLibs/spectre/cds.lib Line 6 redefines
\w LIB rfLib from the same file (defined earlier.)
\w Warning: LIB rfExamples from File /cad_area/Cadence/ic614/tools.lnx86/dfII/etc/cdsDotLibs/spectre/cds.lib Line 7 redefines
\w LIB rfExamples from the same file (defined earlier.)
\w Warning: LIB ahdlLib from File /cad_area/Cadence/ic614/tools.lnx86/dfII/etc/cdsDotLibs/spectre/cds.lib Line 8 redefines
\w LIB ahdlLib from the same file (defined earlier.)
\w Warning: '/cad_area/Cadence/ic614/share/cdssetup/dfII/cds.lib', Line 4, Repeat of INCLUDE of '/cad_area/Cadence/ic614/tools.lnx86/dfII/etc/cdsDotLibs/composer/cds.lib'.
\w Warning: LIB basic from File /cad_area/Cadence/ic614/tools.lnx86/dfII/etc/cdsDotLibs/composer/cds.lib Line 1 redefines
\w LIB basic from the same file (defined earlier.)
\w Warning: LIB US_8ths from File /cad_area/Cadence/ic614/tools.lnx86/dfII/etc/cdsDotLibs/composer/cds.lib Line 2 redefines
\w LIB US_8ths from the same file (defined earlier.)
\a nrResizeWindow(cdsLibManager list(428 -15 800 527))
\a cdsLibManager->libListBox->value = "UMC_18_CMOS"
\a cdsLibManager->libListBox->value = "test"
\a cdsLibManager->cellListBox->value = "inv"
\a cdsLibManager->cellLineEdit->value = "inv"
\a cdsLibManager->libLineEdit->value = "test"
\a cdsLibManager->viewListBox->value = "layout"
\a cdsLibManager->viewLineEdit->value = "layout"
\o MPS request: edit design
\a nrListItemAction(cdsLibManager->gdmXTView 0 0)
\a nrSetCurrentWindow(cdsLibManager)
\a cdsLibManager->libListBox->value = nil
\a cdsLibManager->cellListBox->value = nil
\a cdsLibManager->viewLineEdit->value = ""
\a cdsLibManager->viewListBox->value = nil
\a cdsLibManager->cellLineEdit->value = ""
\a cdsLibManager->libLineEdit->value = ""
\w Warning: '/home/roopa_t/cds_IC6/cds.lib', Line 4, Repeat of INCLUDE of '/cad_area/Cadence/ic614/share/cdssetup/cds.lib'.
\w Warning: '/cad_area/Cadence/ic614/share/cdssetup/cds.lib', Line 1, Repeat of INCLUDE of '/cad_area/Cadence/ic614/share/cdssetup/dfII/cds.lib'.
\w Warning: LIB cdsDefTechLib from File /cad_area/Cadence/ic614/share/cdssetup/dfII/cds.lib Line 1 redefines
\w LIB cdsDefTechLib from the same file (defined earlier.)
\w Warning: '/cad_area/Cadence/ic614/share/cdssetup/dfII/cds.lib', Line 2, Repeat of INCLUDE of '/cad_area/Cadence/ic614/tools.lnx86/dfII/etc/cdsDotLibs/artist/cds.lib'.
\w Warning: LIB analogLib from File /cad_area/Cadence/ic614/tools.lnx86/dfII/etc/cdsDotLibs/artist/cds.lib Line 1 redefines
\w LIB analogLib from the same file (defined earlier.)
\w Warning: LIB functional from File /cad_area/Cadence/ic614/tools.lnx86/dfII/etc/cdsDotLibs/artist/cds.lib Line 2 redefines
\w LIB functional from the same file (defined earlier.)
\w Warning: '/cad_area/Cadence/ic614/share/cdssetup/dfII/cds.lib', Line 3, Repeat of INCLUDE of '/cad_area/Cadence/ic614/tools.lnx86/dfII/etc/cdsDotLibs/spectre/cds.lib'.
\w Warning: LIB rfLib from File /cad_area/Cadence/ic614/tools.lnx86/dfII/etc/cdsDotLibs/spectre/cds.lib Line 6 redefines
\w LIB rfLib from the same file (defined earlier.)
\w Warning: LIB rfExamples from File /cad_area/Cadence/ic614/tools.lnx86/dfII/etc/cdsDotLibs/spectre/cds.lib Line 7 redefines
\w LIB rfExamples from the same file (defined earlier.)
\w Warning: LIB ahdlLib from File /cad_area/Cadence/ic614/tools.lnx86/dfII/etc/cdsDotLibs/spectre/cds.lib Line 8 redefines
\w LIB ahdlLib from the same file (defined earlier.)
\w Warning: '/cad_area/Cadence/ic614/share/cdssetup/dfII/cds.lib', Line 4, Repeat of INCLUDE of '/cad_area/Cadence/ic614/tools.lnx86/dfII/etc/cdsDotLibs/composer/cds.lib'.
\w Warning: LIB basic from File /cad_area/Cadence/ic614/tools.lnx86/dfII/etc/cdsDotLibs/composer/cds.lib Line 1 redefines
\w LIB basic from the same file (defined earlier.)
\w Warning: LIB US_8ths from File /cad_area/Cadence/ic614/tools.lnx86/dfII/etc/cdsDotLibs/composer/cds.lib Line 2 redefines
\w LIB US_8ths from the same file (defined earlier.)
\a cdsLibManager->libListBox->value = "test"
\a cdsLibManager->libLineEdit->value = "test"
\a cdsLibManager->cellListBox->value = "inv"
\a cdsLibManager->cellLineEdit->value = "inv"
\a cdsLibManager->viewListBox->value = "layout"
\a cdsLibManager->viewLineEdit->value = "layout"
\a cdsLibManager->cellListBox->value = nil
\a cdsLibManager->viewLineEdit->value = ""
\a cdsLibManager->viewListBox->value = nil
\a cdsLibManager->cellLineEdit->value = ""
\a cdsLibManager->cellListBox->value = "inv"
\a cdsLibManager->cellLineEdit->value = "inv"
\a cdsLibManager->viewListBox->value = "layout"
\a cdsLibManager->viewLineEdit->value = "layout"
\a cdsLibManager->viewLineEdit->value = ""
\a cdsLibManager->viewListBox->value = nil
\a cdsLibManager->viewListBox->value = "layout"
\a cdsLibManager->viewLineEdit->value = "layout"
\a cdsLibManager->viewLineEdit->value = ""
\a cdsLibManager->viewListBox->value = nil
\a cdsLibManager->viewListBox->value = "layout"
\a cdsLibManager->viewLineEdit->value = "layout"
\a nrSetCurrentWindow(cdsLibManager)
\a nrSetCurrentWindow(cdsLibManager)
\a nrSetCurrentWindow(cdsLibManager)
\a cdsLibManager->viewListBox->value = "schematic"
\a cdsLibManager->viewLineEdit->value = "schematic"
\a cdsLibManager->viewListBox->value = "layout"
\a cdsLibManager->viewLineEdit->value = "layout"
\a nrSetCurrentWindow(cdsLibManager)
\a nrSetCurrentWindow(cdsLibManager)
\a nrSetCurrentWindow(cdsLibManager)
\a cdsLibManager->viewListBox->value = nil
\a cdsLibManager->viewListBox->value = "layout"
\o MPS request: edit design
\a nrListItemAction(cdsLibManager->gdmXTView 0 0)
\a nrSetCurrentWindow(cdsLibManager)
\o MPS service: shutdown
\o libManager is exiting.
\a nrSetWindowVisibility(cdsLibManager "hide")
\a exit(0)
