\# Program start time:     UTC 2021.09.21 14:26:28.872
\# Local time: EDT (UTC-04:00) 2021.09.21 10:26:28.872
\o Program:		@(#)$CDS: virtuoso version 6.1.7-64b 04/17/2018 20:01 (sjfhw312) $
\o Hierarchy:		/cad_area/install/IC617/tools.lnx86/dfII/
\o Sub version:		sub-version  IC6.1.7-64b.500.19  (64-bit addresses)
\# Command line:	/cad_area/install/IC617/tools.lnx86/dfII/bin/64bit/virtuoso
\# Host name (type):	vlsi80 (x86_64)
\# Operating system:	Linux 2.6.32-431.el6.x86_64 #1 SMP Sun Nov 10 22:19:54 EST 2013
\# Linux /etc/issue:	Red Hat Enterprise Linux Server release 6.5 (Santiago)
\# Linux /etc/issue:	Kernel \r on an \m
\# X display name (WxH):	:1.0 (1024x768)
\# Available geometry:			TL(0:25) BR(1023:742)
\# X server:			Red Hat, Inc.
\# Depth of Visual (Root):	24 (24)
\# Number of Planes Used:	24
\# X version:		11.0 (vendor release 11704000)
\# X resource pool:	base 0x4200000, mask 0x1fffff (2097151), shift 0
\# 			current id 0x0, current max 0x1ffffa (2097146)
\# Max data seg size:	     unlimited
\# Max process size:	     unlimited
\# Initial sbrk value:	        463 MB
\# Available memory:	     14,862 MB
\# System memory:	     15,729 MB
\# Maximum memory size:	     15,341 MB
\# Max mem available:	     14,936 MB
\# Initial memory used:	         75 MB
\#        process size:	      1,031 MB
\# Thread usage limits (effective/default):	maxthreads 1024/1024 maxload 8.00/8.00
\# Qt version:		4.8.5
\# Window Manager:	gnome (metacity)
\# User Name:		srn2
\o Working Directory:	vlsi80:/home/srn2
\# Process Id:		5954
\o 
\o COPYRIGHT (C) 1992-2018  CADENCE DESIGN SYSTEMS INC.  ALL RIGHTS RESERVED.
\o           (C) 1992-2018  UNIX SYSTEMS Laboratories INC.,
\o                          Reproduced with permission.
\o 
\o This Cadence Design Systems program and online documentation are
\o proprietary/confidential information and may be disclosed/used only
\o as authorized in a license agreement controlling such use and disclosure.
\o 
\o           RESTRICTED RIGHTS NOTICE (SHORT FORM)
\o Use/reproduction/disclosure is subject to restriction
\o set forth at FAR 1252.227-19 or its equivalent.
\o Loading geView.cxt 
\o Loading menuBuilder.cxt 
\o Loading schView.cxt 
\o Loading selectSv.cxt 
\o Loading pvsui.cxt.
\# Available memory:         14,809 MB at UTC 2021.09.21 14:26:40.717
\# Memory report: Maximum memory size now 14,939 MB at UTC 2021.09.21 14:26:40.717
\# Thread usage report: 9 active threads, active load 1.00 at UTC 2021.09.21 14:26:40.717
\o Loading wireEdit.cxt 
\o Loading pte2.cxt 
\o Loading xlUI.cxt 
\o Loading auCore.cxt 
\o Loading vhdl.cxt 
\o Loading seismic.cxt 
\o Loading ci.cxt 
\o Loading ams.cxt 
\o Virtuoso Framework License (111) was checked out successfully. Total checkout time was 0.23s.
\w *WARNING* '/home/srn2/cds.lib', Line 6: Cannot find file '$GF_PDK_HOME/DesignEnv/VirtuosoOA/setup/superstack.cds.lib'.
\w *WARNING* '/home/srn2/cds.lib', Line 6: Skipping: '$GF_PDK_HOME/DesignEnv/VirtuosoOA/setup/superstack.cds.lib'
\o 
\w *WARNING* LIB basic from File /home/srn2/cds.lib Line 10 redefines
\w LIB basic from File /cad_area/install/IC617/tools.lnx86/dfII/etc/cdsDotLibs/composer/cds.lib
\w Insert UNDEFINE basic
\w before DEFINE basic
\w     in /home/srn2/cds.lib
\w Or remove or comment out DEFINE basic
\w     in /cad_area/install/IC617/tools.lnx86/dfII/etc/cdsDotLibs/composer/cds.lib
\w to suppress this warning message.
\w *WARNING* LIB analogLib from File /home/srn2/cds.lib Line 11 redefines
\w LIB analogLib from File /cad_area/install/IC617/tools.lnx86/dfII/etc/cdsDotLibs/artist/cds.lib
\w Insert UNDEFINE analogLib
\w before DEFINE analogLib
\w     in /home/srn2/cds.lib
\w Or remove or comment out DEFINE analogLib
\w     in /cad_area/install/IC617/tools.lnx86/dfII/etc/cdsDotLibs/artist/cds.lib
\w to suppress this warning message.
\w *WARNING* LIB UMC_18_CMOS from File /home/srn2/cds.lib Line 28 redefines
\w LIB UMC_18_CMOS from the same file (defined earlier.)
\w *WARNING* LIB UMC180Faraday from File /home/srn2/cds.lib Line 35 redefines
\w LIB UMC180Faraday from the same file (defined earlier.)
\w *WARNING* The directory: '/home/srn2/$PDK_DIR/asap7ssc7p5t_05' does not exist
\w 	but was defined in libFile '/home/srn2/cds.lib' for Lib 'asap7ssc7p5t'.
\w *WARNING* The directory: '/home/srn2/$PDK_DIR/cdslib/asap7_TechLib' does not exist
\w 	but was defined in libFile '/home/srn2/cds.lib' for Lib 'asap7_TechLib'.
\w *WARNING* The directory: '/cad_area/install/pdk/UMC/UMC180Faraday/fsa0m_a/2008Q3v1.2/50VT_GENERIC_IO/FrontEnd/composer/FSA0M_A_50VT_GENERIC_IO' does not exist
\w 	but was defined in libFile '/home/srn2/cds.lib' for Lib 'FSA0M_A_50VT_GENERIC_IO'.
\w *WARNING* The directory: '/cad_area/install/pdk/UMC/UMC180Faraday/fsa0m_a/2008Q3v1.2/50VT_GENERIC_IO/BackEnd/lef' does not exist
\w 	but was defined in libFile '/home/srn2/cds.lib' for Lib 'UMC180Faraday'.
\w *WARNING* The directory: '/cad_area/vlsi/tools/MENTOR/calibre/aoi_cal_2018.2_41.34' does not exist
\w 	but was defined in libFile '/home/srn2/cds.lib' for Lib 'CALIBRE_HOME'.
\p > 
\o Loading pe.cxt 
\a _treeSetOpcGUI(t)
\r t
\a ciwHiExit()
\p > 
\a hiDBoxOK(ciwDBox)
\r t
\o 
\# Memory report: on exit            162 MB, process size 1,165 MB at UTC 2021.09.21 14:27:56.648
\# Memory report: peak usage         162 MB, process size 1,165 MB
