================================================================================
Rule No. 2 : psub_StampErrorFloat

Real Error Count : 1; Flat Error Count : 1
================================================================================

--------------------------------------------------------------------------------
Cell Name : CMOS_Inverter layout CMOS

                   Cell Errors    Real Errors   Cell Placements     Environments
                             1              1                 1                1
--------------------------------------------------------------------------------
Env.  Env. Placements            X1           Y1          X2           Y2

  1        1                 -1.000       -8.200       4.000       -2.330

Shape               Environments Status & Error Marker 

          1           X1         Y1         X2         Y2

   1      X       -1.000     -8.200      4.000     -2.330

================================================================================
Rule No. 5 : wel_StampErrorFloat

Real Error Count : 1; Flat Error Count : 1
================================================================================

--------------------------------------------------------------------------------
Cell Name : CMOS_Inverter layout CMOS

                   Cell Errors    Real Errors   Cell Placements     Environments
                             1              1                 1                1
--------------------------------------------------------------------------------
Env.  Env. Placements            X1           Y1          X2           Y2

  1        1                  0.500       -4.190       2.660       -2.890

Shape               Environments Status & Error Marker 

          1           X1         Y1         X2         Y2

   1      X        0.500     -4.190      2.660     -2.890

