\o Program:		@(#)$CDS: libManager version 6.1.7 - CAT35 03/14/2018 00:53 (sjfhw314) $
\o Sub version:		sub-version  s191 
\o Arguments:		-unmapped -mpssession virtuoso14371 -mpshost VLSI43 
\o Working Directory:	VLSI43:/home/kle23
\o 64-bit offsets
\o Qt version: 		4.8.5
\o changeWorkingDir("/home/kle23") unnecessary.
\o ddSetForcedLib("") unnecessary.
\o Log file is "/home/kle23/libManager.log".
\o Opening libManager window.
\a nrSetWindowVisibility(cdsLibManager "show")
\o MPS service: map window
\a nrSetCurrentWindow(cdsLibManager)
\o Library Manager customization server connected.
\w Warning: '/home/kle23/cds.lib', Line 6: Cannot find file '$GF_PDK_HOME/DesignEnv/VirtuosoOA/setup/superstack.cds.lib'.
\w Warning: '/home/kle23/cds.lib', Line 6: Skipping: '$GF_PDK_HOME/DesignEnv/VirtuosoOA/setup/superstack.cds.lib'
\o  
\w Warning: LIB basic from File /home/kle23/cds.lib Line 10 redefines
\w LIB basic from File /cad_area/install/IC617/tools.lnx86/dfII/etc/cdsDotLibs/composer/cds.lib
\w Insert UNDEFINE basic
\w before DEFINE basic
\w     in /home/kle23/cds.lib
\w Or remove or comment out DEFINE basic
\w     in /cad_area/install/IC617/tools.lnx86/dfII/etc/cdsDotLibs/composer/cds.lib
\w to suppress this warning message.
\w Warning: LIB analogLib from File /home/kle23/cds.lib Line 11 redefines
\w LIB analogLib from File /cad_area/install/IC617/tools.lnx86/dfII/etc/cdsDotLibs/artist/cds.lib
\w Insert UNDEFINE analogLib
\w before DEFINE analogLib
\w     in /home/kle23/cds.lib
\w Or remove or comment out DEFINE analogLib
\w     in /cad_area/install/IC617/tools.lnx86/dfII/etc/cdsDotLibs/artist/cds.lib
\w to suppress this warning message.
\w Warning: LIB UMC_18_CMOS from File /home/kle23/cds.lib Line 28 redefines
\w LIB UMC_18_CMOS from the same file (defined earlier.)
\w Warning: LIB UMC180Faraday from File /home/kle23/cds.lib Line 35 redefines
\w LIB UMC180Faraday from the same file (defined earlier.)
\w Warning: The directory: '/home/kle23/$PDK_DIR/asap7ssc7p5t_05' does not exist
\w 	but was defined in libFile '/home/kle23/cds.lib' for Lib 'asap7ssc7p5t'.
\w Warning: The directory: '/home/kle23/$PDK_DIR/cdslib/asap7_TechLib' does not exist
\w 	but was defined in libFile '/home/kle23/cds.lib' for Lib 'asap7_TechLib'.
\w Warning: The directory: '/cad_area/install/pdk/UMC/UMC180Faraday/fsa0m_a/2008Q3v1.2/50VT_GENERIC_IO/FrontEnd/composer/FSA0M_A_50VT_GENERIC_IO' does not exist
\w 	but was defined in libFile '/home/kle23/cds.lib' for Lib 'FSA0M_A_50VT_GENERIC_IO'.
\w Warning: The directory: '/cad_area/install/pdk/UMC/UMC180Faraday/fsa0m_a/2008Q3v1.2/50VT_GENERIC_IO/BackEnd/lef' does not exist
\w 	but was defined in libFile '/home/kle23/cds.lib' for Lib 'UMC180Faraday'.
\w Warning: The directory: '/cad_area/vlsi/tools/MENTOR/calibre/aoi_cal_2018.2_41.34' does not exist
\w 	but was defined in libFile '/home/kle23/cds.lib' for Lib 'CALIBRE_HOME'.
\a nrResizeWindow(cdsLibManager list(0 25 1364 691))
\a _lmgrCloseIconify("cdsLibManager" 1)
\o MPS service: shutdown
\o libManager is exiting.
\a nrSetWindowVisibility(cdsLibManager "hide")
\a exit(0)
